<?xml version="1.0" encoding="UTF-8"?>
<!-- Generated by org.testng.reporters.JUnitXMLReporter -->
<testsuite hostname="AL02281136" failures="1" tests="9" name="Test" time="31.308" errors="0" timestamp="16 Jul 2023 09:10:01 GMT">
  <testcase classname="tailtest.Application" name="s01" time="1.897"/>
  <testcase classname="tailtest.Application" name="s02" time="2.978"/>
  <testcase classname="tailtest.Application" name="s03" time="2.096">
    <failure type="java.lang.RuntimeException" message="Please let TestNG know about com.ntscorp.auto_client.verity.TestMethodListener listener for verify statements to work. For more information go to http://testng.org/doc/documentation-main.html#testng-listeners">
      <![CDATA[java.lang.RuntimeException: Please let TestNG know about com.ntscorp.auto_client.verity.TestMethodListener listener for verify statements to work. For more information go to http://testng.org/doc/documentation-main.html#testng-listeners
	at com.ntscorp.auto_client.verity.Verify.addToErrorBuffer(Verify.java:588)
	at com.ntscorp.auto_client.verity.Verify.verifyTrue(Verify.java:28)
	at tailtest.Application.s03(Application.java:74)
... Removed 22 stack frames]]>
    </failure>
  </testcase> <!-- s03 -->
  <testcase classname="tailtest.Application" name="s04" time="3.778"/>
  <testcase classname="tailtest.Application" name="s05" time="3.697"/>
  <testcase classname="tailtest.Application" name="s06" time="3.824"/>
  <testcase classname="tailtest.Application" name="s07" time="3.202"/>
  <testcase classname="tailtest.Application" name="s08" time="2.089"/>
  <testcase classname="tailtest.Application" name="s09" time="1.23"/>
</testsuite> <!-- Test -->
