<?xml version="1.0" encoding="UTF-8"?>
<!-- Generated by org.testng.reporters.JUnitXMLReporter -->
<testsuite hostname="AL02281136" failures="0" tests="8" name="Default test" time="40.58" errors="0" timestamp="16 Jul 2023 09:20:33 GMT">
  <testcase classname="tailtest.Application" name="s01" time="2.401"/>
  <testcase classname="tailtest.Application" name="s02" time="3.417"/>
  <testcase classname="tailtest.Application" name="s04" time="3.45"/>
  <testcase classname="tailtest.Application" name="s05" time="4.209"/>
  <testcase classname="tailtest.Application" name="s06" time="3.737"/>
  <testcase classname="tailtest.Application" name="s07" time="3.182"/>
  <testcase classname="tailtest.Application" name="s08" time="1.583"/>
  <testcase classname="tailtest.Application" name="s09" time="12.233"/>
</testsuite> <!-- Default test -->
